<?xml version="1.0" encoding="UTF-8"?>
<testng-results ignored="8" total="10" passed="2" failed="0" skipped="0">
  <reporter-output>
  </reporter-output>
  <suite started-at="2023-07-04T00:59:38 PDT" name="Default suite" finished-at="2023-07-04T00:59:55 PDT" duration-ms="17028">
    <groups>
    </groups>
    <test started-at="2023-07-04T00:59:38 PDT" name="Default test" finished-at="2023-07-04T00:59:55 PDT" duration-ms="17028">
      <class name="com.restTests.simpleTests.TekarchApiLogin">
        <test-method signature="loginToApi1()[pri:0, instance:com.restTests.simpleTests.TekarchApiLogin@485966cc]" started-at="2023-07-04T00:59:38 PDT" name="loginToApi1" finished-at="2023-07-04T00:59:42 PDT" duration-ms="4492" status="PASS">
          <reporter-output>
          </reporter-output>
        </test-method> <!-- loginToApi1 -->
        <test-method signature="minimumAndMaximumSalaryAllRecords()[pri:0, instance:com.restTests.simpleTests.TekarchApiLogin@485966cc]" started-at="2023-07-04T00:59:42 PDT" name="minimumAndMaximumSalaryAllRecords" finished-at="2023-07-04T00:59:55 PDT" depends-on-methods="com.restTests.simpleTests.TekarchApiLogin.loginToApi1" duration-ms="12471" status="PASS">
          <reporter-output>
          </reporter-output>
        </test-method> <!-- minimumAndMaximumSalaryAllRecords -->
      </class> <!-- com.restTests.simpleTests.TekarchApiLogin -->
    </test> <!-- Default test -->
  </suite> <!-- Default suite -->
</testng-results>
