<?xml version="1.0" encoding="UTF-8"?>
<testng-results ignored="5" total="5" passed="0" failed="0" skipped="0">
  <reporter-output>
  </reporter-output>
  <suite started-at="2023-06-24T22:55:29 PDT" name="Default suite" finished-at="2023-06-24T22:55:29 PDT" duration-ms="18">
    <groups>
    </groups>
    <test started-at="2023-06-24T22:55:29 PDT" name="Default test" finished-at="2023-06-24T22:55:29 PDT" duration-ms="18">
    </test> <!-- Default test -->
  </suite> <!-- Default suite -->
</testng-results>
