<?xml version="1.0" encoding="UTF-8"?>
<!-- Generated by org.testng.reporters.JUnitXMLReporter -->
<testsuite ignored="4" hostname="DESKTOP-Q9RCK1B" failures="0" tests="1" name="Default test" time="4.387" errors="0" timestamp="2023-07-17T20:16:50 PDT">
  <testcase classname="com.restTests.tests.DummyRestAPIEndToEndTest" name="TC_005_getDetailsEmployeeId" time="2.537"/>
  <testcase classname="com.restTests.tests.DummyRestAPIEndToEndTest" name="TC_004_deleteEmployeeId" time="0.0">
    <ignored/>
  </testcase> <!-- TC_004_deleteEmployeeId -->
  <testcase classname="com.restTests.tests.DummyRestAPIEndToEndTest" name="TC_001_getEmployeeData" time="0.0">
    <ignored/>
  </testcase> <!-- TC_001_getEmployeeData -->
  <testcase classname="com.restTests.tests.DummyRestAPIEndToEndTest" name="TC_003_deleteEmployeeData" time="0.0">
    <ignored/>
  </testcase> <!-- TC_003_deleteEmployeeData -->
  <testcase classname="com.restTests.tests.DummyRestAPIEndToEndTest" name="TC_002_addEmployeeData" time="0.0">
    <ignored/>
  </testcase> <!-- TC_002_addEmployeeData -->
</testsuite> <!-- Default test -->
