<?xml version="1.0" encoding="UTF-8"?>
<!-- Generated by org.testng.reporters.JUnitXMLReporter -->
<testsuite ignored="0" hostname="DESKTOP-Q9RCK1B" failures="0" tests="5" name="Default test" time="51.511" errors="0" timestamp="2023-06-25T18:33:47 PDT">
  <testcase classname="com.restTests.tests.TekarchApiEndToEnd" name="TC_001_validLogin" time="2.924"/>
  <testcase classname="com.restTests.tests.TekarchApiEndToEnd" name="TC_002_getUserData" time="19.181"/>
  <testcase classname="com.restTests.tests.TekarchApiEndToEnd" name="TC_003_addUserData" time="0.339"/>
  <testcase classname="com.restTests.tests.TekarchApiEndToEnd" name="TC_004_updateUserData" time="14.957"/>
  <testcase classname="com.restTests.tests.TekarchApiEndToEnd" name="TC_005_deleteUserData" time="13.217"/>
</testsuite> <!-- Default test -->
