<?xml version="1.0" encoding="UTF-8"?>
<!-- Generated by org.testng.reporters.JUnitXMLReporter -->
<testsuite ignored="0" hostname="DESKTOP-Q9RCK1B" failures="0" tests="5" name="Test" time="42.365" errors="0" timestamp="2023-06-27T22:46:51 PDT">
  <testcase classname="com.restTests.tests.TekarchApiEndToEnd" name="TC_001_validLogin" time="2.989"/>
  <testcase classname="com.restTests.tests.TekarchApiEndToEnd" name="TC_002_getUserData" time="6.2"/>
  <testcase classname="com.restTests.tests.TekarchApiEndToEnd" name="TC_003_addUserData" time="0.334"/>
  <testcase classname="com.restTests.tests.TekarchApiEndToEnd" name="TC_004_updateUserData" time="15.792"/>
  <testcase classname="com.restTests.tests.TekarchApiEndToEnd" name="TC_005_deleteUserData" time="15.502"/>
</testsuite> <!-- Test -->
