<?xml version="1.0" encoding="UTF-8"?>
<!-- Generated by org.testng.reporters.JUnitXMLReporter -->
<testsuite ignored="0" hostname="DESKTOP-Q9RCK1B" failures="0" tests="5" name="Test" time="57.36" errors="0" timestamp="2023-06-26T08:32:59 PDT">
  <testcase classname="com.restTests.tests.TekarchApiEndToEnd" name="TC_001_validLogin" time="2.967"/>
  <testcase classname="com.restTests.tests.TekarchApiEndToEnd" name="TC_002_getUserData" time="16.745"/>
  <testcase classname="com.restTests.tests.TekarchApiEndToEnd" name="TC_003_addUserData" time="3.807"/>
  <testcase classname="com.restTests.tests.TekarchApiEndToEnd" name="TC_004_updateUserData" time="16.064"/>
  <testcase classname="com.restTests.tests.TekarchApiEndToEnd" name="TC_005_deleteUserData" time="16.692"/>
</testsuite> <!-- Test -->
