<?xml version="1.0" encoding="UTF-8"?>
<testng-results ignored="0" total="5" passed="5" failed="0" skipped="0">
  <reporter-output>
  </reporter-output>
  <suite started-at="2023-06-18T17:05:45 PDT" name="Default suite" finished-at="2023-06-18T17:06:33 PDT" duration-ms="48386">
    <groups>
      <group name="cucumber">
        <method signature="AbstractTestNGCucumberTests.runScenario(io.cucumber.testng.PickleWrapper,io.cucumber.testng.FeatureWrapper)[pri:0, instance:com.automation.runners.SalesforceRunner@480d3575]" name="runScenario" class="io.cucumber.testng.AbstractTestNGCucumberTests"/>
      </group> <!-- cucumber -->
    </groups>
    <test started-at="2023-06-18T17:05:45 PDT" name="Default test" finished-at="2023-06-18T17:06:33 PDT" duration-ms="48386">
      <class name="com.automation.runners.SalesforceRunner">
        <test-method is-config="true" signature="setUpClass(org.testng.ITestContext)[pri:0, instance:com.automation.runners.SalesforceRunner@480d3575]" started-at="2023-06-18T17:05:45 PDT" name="setUpClass" finished-at="2023-06-18T17:05:46 PDT" duration-ms="1337" status="PASS">
          <params>
            <param index="0">
              <value>
                <![CDATA[org.testng.TestRunner@6eb00cbe]]>
              </value>
            </param>
          </params>
          <reporter-output>
          </reporter-output>
        </test-method> <!-- setUpClass -->
        <test-method signature="runScenario(io.cucumber.testng.PickleWrapper,io.cucumber.testng.FeatureWrapper)[pri:0, instance:com.automation.runners.SalesforceRunner@480d3575]" started-at="2023-06-18T17:05:46 PDT" name="runScenario" description="Runs Cucumber Scenarios" data-provider="scenarios" finished-at="2023-06-18T17:05:50 PDT" duration-ms="4009" status="PASS">
          <params>
            <param index="0">
              <value>
                <![CDATA["#1 Login Error Message"]]>
              </value>
            </param>
            <param index="1">
              <value>
                <![CDATA["Login into Salesforce application"]]>
              </value>
            </param>
          </params>
          <reporter-output>
          </reporter-output>
        </test-method> <!-- runScenario -->
        <test-method signature="runScenario(io.cucumber.testng.PickleWrapper,io.cucumber.testng.FeatureWrapper)[pri:0, instance:com.automation.runners.SalesforceRunner@480d3575]" started-at="2023-06-18T17:05:50 PDT" name="runScenario" description="Runs Cucumber Scenarios" data-provider="scenarios" finished-at="2023-06-18T17:05:59 PDT" duration-ms="8555" status="PASS">
          <params>
            <param index="0">
              <value>
                <![CDATA["#2 Login to Salesforce"]]>
              </value>
            </param>
            <param index="1">
              <value>
                <![CDATA["Login into Salesforce application"]]>
              </value>
            </param>
          </params>
          <reporter-output>
          </reporter-output>
        </test-method> <!-- runScenario -->
        <test-method signature="runScenario(io.cucumber.testng.PickleWrapper,io.cucumber.testng.FeatureWrapper)[pri:0, instance:com.automation.runners.SalesforceRunner@480d3575]" started-at="2023-06-18T17:05:59 PDT" name="runScenario" description="Runs Cucumber Scenarios" data-provider="scenarios" finished-at="2023-06-18T17:06:12 PDT" duration-ms="13877" status="PASS">
          <params>
            <param index="0">
              <value>
                <![CDATA["#3 Check Remember Me"]]>
              </value>
            </param>
            <param index="1">
              <value>
                <![CDATA["Login into Salesforce application"]]>
              </value>
            </param>
          </params>
          <reporter-output>
          </reporter-output>
        </test-method> <!-- runScenario -->
        <test-method signature="runScenario(io.cucumber.testng.PickleWrapper,io.cucumber.testng.FeatureWrapper)[pri:0, instance:com.automation.runners.SalesforceRunner@480d3575]" started-at="2023-06-18T17:06:12 PDT" name="runScenario" description="Runs Cucumber Scenarios" data-provider="scenarios" finished-at="2023-06-18T17:06:21 PDT" duration-ms="8539" status="PASS">
          <params>
            <param index="0">
              <value>
                <![CDATA["#5 Select user menu"]]>
              </value>
            </param>
            <param index="1">
              <value>
                <![CDATA["Login into Salesforce application"]]>
              </value>
            </param>
          </params>
          <reporter-output>
          </reporter-output>
        </test-method> <!-- runScenario -->
        <test-method signature="runScenario(io.cucumber.testng.PickleWrapper,io.cucumber.testng.FeatureWrapper)[pri:0, instance:com.automation.runners.SalesforceRunner@480d3575]" started-at="2023-06-18T17:06:21 PDT" name="runScenario" description="Runs Cucumber Scenarios" data-provider="scenarios" finished-at="2023-06-18T17:06:32 PDT" duration-ms="11168" status="PASS">
          <params>
            <param index="0">
              <value>
                <![CDATA["#9 Select Logout Option"]]>
              </value>
            </param>
            <param index="1">
              <value>
                <![CDATA["Login into Salesforce application"]]>
              </value>
            </param>
          </params>
          <reporter-output>
          </reporter-output>
        </test-method> <!-- runScenario -->
        <test-method is-config="true" signature="tearDownClass()[pri:0, instance:com.automation.runners.SalesforceRunner@480d3575]" started-at="2023-06-18T17:06:32 PDT" name="tearDownClass" finished-at="2023-06-18T17:06:33 PDT" duration-ms="821" status="PASS">
          <reporter-output>
          </reporter-output>
        </test-method> <!-- tearDownClass -->
      </class> <!-- com.automation.runners.SalesforceRunner -->
    </test> <!-- Default test -->
  </suite> <!-- Default suite -->
</testng-results>
