<?xml version="1.0" encoding="UTF-8"?>
<testng-results ignored="0" total="2" passed="2" failed="0" skipped="0">
  <reporter-output>
  </reporter-output>
  <suite started-at="2023-06-17T22:56:34 PDT" name="Default suite" finished-at="2023-06-17T22:56:55 PDT" duration-ms="20983">
    <groups>
      <group name="cucumber">
        <method signature="AbstractTestNGCucumberTests.runScenario(io.cucumber.testng.PickleWrapper,io.cucumber.testng.FeatureWrapper)[pri:0, instance:com.automation.runners.SalesforceRunner@480d3575]" name="runScenario" class="io.cucumber.testng.AbstractTestNGCucumberTests"/>
      </group> <!-- cucumber -->
    </groups>
    <test started-at="2023-06-17T22:56:34 PDT" name="Default test" finished-at="2023-06-17T22:56:55 PDT" duration-ms="20983">
      <class name="com.automation.runners.SalesforceRunner">
        <test-method is-config="true" signature="setUpClass(org.testng.ITestContext)[pri:0, instance:com.automation.runners.SalesforceRunner@480d3575]" started-at="2023-06-17T22:56:34 PDT" name="setUpClass" finished-at="2023-06-17T22:56:36 PDT" duration-ms="1311" status="PASS">
          <params>
            <param index="0">
              <value>
                <![CDATA[org.testng.TestRunner@763b0996]]>
              </value>
            </param>
          </params>
          <reporter-output>
          </reporter-output>
        </test-method> <!-- setUpClass -->
        <test-method signature="runScenario(io.cucumber.testng.PickleWrapper,io.cucumber.testng.FeatureWrapper)[pri:0, instance:com.automation.runners.SalesforceRunner@480d3575]" started-at="2023-06-17T22:56:36 PDT" name="runScenario" description="Runs Cucumber Scenarios" data-provider="scenarios" finished-at="2023-06-17T22:56:46 PDT" duration-ms="10387" status="PASS">
          <params>
            <param index="0">
              <value>
                <![CDATA["#2 Login to Salesforce"]]>
              </value>
            </param>
            <param index="1">
              <value>
                <![CDATA["Login into Salesforce application"]]>
              </value>
            </param>
          </params>
          <reporter-output>
          </reporter-output>
        </test-method> <!-- runScenario -->
        <test-method signature="runScenario(io.cucumber.testng.PickleWrapper,io.cucumber.testng.FeatureWrapper)[pri:0, instance:com.automation.runners.SalesforceRunner@480d3575]" started-at="2023-06-17T22:56:46 PDT" name="runScenario" description="Runs Cucumber Scenarios" data-provider="scenarios" finished-at="2023-06-17T22:56:55 PDT" duration-ms="8554" status="PASS">
          <params>
            <param index="0">
              <value>
                <![CDATA["#5 Select user menu"]]>
              </value>
            </param>
            <param index="1">
              <value>
                <![CDATA["Login into Salesforce application"]]>
              </value>
            </param>
          </params>
          <reporter-output>
          </reporter-output>
        </test-method> <!-- runScenario -->
        <test-method is-config="true" signature="tearDownClass()[pri:0, instance:com.automation.runners.SalesforceRunner@480d3575]" started-at="2023-06-17T22:56:55 PDT" name="tearDownClass" finished-at="2023-06-17T22:56:55 PDT" duration-ms="675" status="PASS">
          <reporter-output>
          </reporter-output>
        </test-method> <!-- tearDownClass -->
      </class> <!-- com.automation.runners.SalesforceRunner -->
    </test> <!-- Default test -->
  </suite> <!-- Default suite -->
</testng-results>
