<?xml version="1.0" encoding="UTF-8"?>
<testng-results ignored="4" total="5" passed="1" failed="0" skipped="0">
  <reporter-output>
  </reporter-output>
  <suite started-at="2023-07-17T20:16:46 PDT" name="Default suite" finished-at="2023-07-17T20:16:50 PDT" duration-ms="4387">
    <groups>
    </groups>
    <test started-at="2023-07-17T20:16:46 PDT" name="Default test" finished-at="2023-07-17T20:16:50 PDT" duration-ms="4387">
      <class name="com.restTests.tests.DummyRestAPIEndToEndTest">
        <test-method is-config="true" signature="baseUri()[pri:0, instance:com.restTests.tests.DummyRestAPIEndToEndTest@2dc54ad4]" started-at="2023-07-17T20:16:46 PDT" name="baseUri" finished-at="2023-07-17T20:16:48 PDT" duration-ms="1784" status="PASS">
          <reporter-output>
          </reporter-output>
        </test-method> <!-- baseUri -->
        <test-method signature="TC_005_getDetailsEmployeeId()[pri:5, instance:com.restTests.tests.DummyRestAPIEndToEndTest@2dc54ad4]" started-at="2023-07-17T20:16:48 PDT" name="TC_005_getDetailsEmployeeId" finished-at="2023-07-17T20:16:50 PDT" duration-ms="2537" status="PASS">
          <reporter-output>
          </reporter-output>
        </test-method> <!-- TC_005_getDetailsEmployeeId -->
      </class> <!-- com.restTests.tests.DummyRestAPIEndToEndTest -->
    </test> <!-- Default test -->
  </suite> <!-- Default suite -->
</testng-results>
