<?xml version="1.0" encoding="UTF-8"?>
<testng-results ignored="0" total="1" passed="1" failed="0" skipped="0">
  <reporter-output>
  </reporter-output>
  <suite started-at="2023-07-17T15:31:14 PDT" name="Default suite" finished-at="2023-07-17T15:31:18 PDT" duration-ms="4066">
    <groups>
    </groups>
    <test started-at="2023-07-17T15:31:14 PDT" name="Default test" finished-at="2023-07-17T15:31:18 PDT" duration-ms="4066">
      <class name="com.restTests.tests.DummyRestAPIEndToEndTest">
        <test-method is-config="true" signature="baseUri()[pri:0, instance:com.restTests.tests.DummyRestAPIEndToEndTest@23c30a20]" started-at="2023-07-17T15:31:14 PDT" name="baseUri" finished-at="2023-07-17T15:31:15 PDT" duration-ms="1176" status="PASS">
          <reporter-output>
          </reporter-output>
        </test-method> <!-- baseUri -->
        <test-method signature="TC_001_getEmployeeData()[pri:2, instance:com.restTests.tests.DummyRestAPIEndToEndTest@23c30a20]" started-at="2023-07-17T15:31:15 PDT" name="TC_001_getEmployeeData" finished-at="2023-07-17T15:31:18 PDT" duration-ms="2825" status="PASS">
          <reporter-output>
          </reporter-output>
        </test-method> <!-- TC_001_getEmployeeData -->
      </class> <!-- com.restTests.tests.DummyRestAPIEndToEndTest -->
    </test> <!-- Default test -->
  </suite> <!-- Default suite -->
</testng-results>
