<?xml version="1.0" encoding="UTF-8"?>
<testng-results ignored="10" total="11" passed="1" failed="0" skipped="0">
  <reporter-output>
  </reporter-output>
  <suite started-at="2023-06-20T22:47:58 PDT" name="Suite" finished-at="2023-06-20T22:48:30 PDT" duration-ms="32311">
    <groups>
    </groups>
    <test started-at="2023-06-20T22:47:58 PDT" name="chromeTest" finished-at="2023-06-20T22:48:30 PDT" duration-ms="32311">
      <class name="com.automation.tests.AutomationScripts">
        <test-method is-config="true" signature="setUpForBeforeTest()[pri:0, instance:com.automation.tests.AutomationScripts@5f049ea1]" started-at="2023-06-20T22:47:58 PDT" name="setUpForBeforeTest" finished-at="2023-06-20T22:47:59 PDT" duration-ms="499" status="PASS">
          <reporter-output>
          </reporter-output>
        </test-method> <!-- setUpForBeforeTest -->
        <test-method is-config="true" signature="setUpBeforeTestMethod(java.lang.String)[pri:0, instance:com.automation.tests.AutomationScripts@5f049ea1]" started-at="2023-06-20T22:47:59 PDT" name="setUpBeforeTestMethod" finished-at="2023-06-20T22:48:02 PDT" duration-ms="3219" status="PASS">
          <params>
            <param index="0">
              <value>
                <![CDATA[chrome]]>
              </value>
            </param>
          </params>
          <reporter-output>
          </reporter-output>
        </test-method> <!-- setUpBeforeTestMethod -->
        <test-method signature="testcase07_mySettings()[pri:0, instance:com.automation.tests.AutomationScripts@5f049ea1]" started-at="2023-06-20T22:48:02 PDT" name="testcase07_mySettings" finished-at="2023-06-20T22:48:30 PDT" duration-ms="27986" status="PASS">
          <reporter-output>
          </reporter-output>
        </test-method> <!-- testcase07_mySettings -->
        <test-method is-config="true" signature="tearDownAfterTestMethod()[pri:0, instance:com.automation.tests.AutomationScripts@5f049ea1]" started-at="2023-06-20T22:48:30 PDT" name="tearDownAfterTestMethod" finished-at="2023-06-20T22:48:30 PDT" duration-ms="263" status="PASS">
          <reporter-output>
          </reporter-output>
        </test-method> <!-- tearDownAfterTestMethod -->
      </class> <!-- com.automation.tests.AutomationScripts -->
    </test> <!-- chromeTest -->
  </suite> <!-- Suite -->
</testng-results>
