<?xml version="1.0" encoding="UTF-8"?>
<testng-results ignored="10" total="11" passed="1" failed="0" skipped="0">
  <reporter-output>
  </reporter-output>
  <suite started-at="2023-06-14T01:23:47 PDT" name="Suite" finished-at="2023-06-14T01:24:06 PDT" duration-ms="18817">
    <groups>
    </groups>
    <test started-at="2023-06-14T01:23:47 PDT" name="chromeTest" finished-at="2023-06-14T01:24:06 PDT" duration-ms="18817">
      <class name="com.automation.tests.AutomationScripts">
        <test-method is-config="true" signature="setUpForBeforeTest()[pri:0, instance:com.automation.tests.AutomationScripts@5f049ea1]" started-at="2023-06-14T01:23:47 PDT" name="setUpForBeforeTest" finished-at="2023-06-14T01:23:48 PDT" duration-ms="651" status="PASS">
          <reporter-output>
          </reporter-output>
        </test-method> <!-- setUpForBeforeTest -->
        <test-method is-config="true" signature="setUpBeforeTestMethod(java.lang.String)[pri:0, instance:com.automation.tests.AutomationScripts@5f049ea1]" started-at="2023-06-14T01:23:48 PDT" name="setUpBeforeTestMethod" finished-at="2023-06-14T01:23:52 PDT" duration-ms="4404" status="PASS">
          <params>
            <param index="0">
              <value>
                <![CDATA[chrome]]>
              </value>
            </param>
          </params>
          <reporter-output>
          </reporter-output>
        </test-method> <!-- setUpBeforeTestMethod -->
        <test-method signature="testcase10_create_account()[pri:0, instance:com.automation.tests.AutomationScripts@5f049ea1]" started-at="2023-06-14T01:23:52 PDT" name="testcase10_create_account" finished-at="2023-06-14T01:24:06 PDT" duration-ms="13228" status="PASS">
          <reporter-output>
          </reporter-output>
        </test-method> <!-- testcase10_create_account -->
        <test-method is-config="true" signature="tearDownAfterTestMethod()[pri:0, instance:com.automation.tests.AutomationScripts@5f049ea1]" started-at="2023-06-14T01:24:06 PDT" name="tearDownAfterTestMethod" finished-at="2023-06-14T01:24:06 PDT" duration-ms="179" status="PASS">
          <reporter-output>
          </reporter-output>
        </test-method> <!-- tearDownAfterTestMethod -->
      </class> <!-- com.automation.tests.AutomationScripts -->
    </test> <!-- chromeTest -->
  </suite> <!-- Suite -->
</testng-results>
