<?xml version="1.0" encoding="UTF-8"?>
<testng-results ignored="0" total="6" passed="6" failed="0" skipped="0">
  <reporter-output>
  </reporter-output>
  <suite started-at="2023-06-15T21:51:34 PDT" name="Default suite" finished-at="2023-06-15T21:51:35 PDT" duration-ms="436">
    <groups>
      <group name="cucumber">
        <method signature="AbstractTestNGCucumberTests.runScenario(io.cucumber.testng.PickleWrapper,io.cucumber.testng.FeatureWrapper)[pri:0, instance:com.cucumberTests.runners.CalculatorRunner@316bcf94]" name="runScenario" class="io.cucumber.testng.AbstractTestNGCucumberTests"/>
      </group> <!-- cucumber -->
    </groups>
    <test started-at="2023-06-15T21:51:34 PDT" name="Default test" finished-at="2023-06-15T21:51:35 PDT" duration-ms="436">
      <class name="com.cucumberTests.runners.CalculatorRunner">
        <test-method is-config="true" signature="setUpClass(org.testng.ITestContext)[pri:0, instance:com.cucumberTests.runners.CalculatorRunner@316bcf94]" started-at="2023-06-15T21:51:34 PDT" name="setUpClass" finished-at="2023-06-15T21:51:35 PDT" duration-ms="245" status="PASS">
          <params>
            <param index="0">
              <value>
                <![CDATA[org.testng.TestRunner@160ac7fb]]>
              </value>
            </param>
          </params>
          <reporter-output>
          </reporter-output>
        </test-method> <!-- setUpClass -->
        <test-method signature="runScenario(io.cucumber.testng.PickleWrapper,io.cucumber.testng.FeatureWrapper)[pri:0, instance:com.cucumberTests.runners.CalculatorRunner@316bcf94]" started-at="2023-06-15T21:51:35 PDT" name="runScenario" description="Runs Cucumber Scenarios" data-provider="scenarios" finished-at="2023-06-15T21:51:35 PDT" duration-ms="88" status="PASS">
          <params>
            <param index="0">
              <value>
                <![CDATA["Addition of two numbers"]]>
              </value>
            </param>
            <param index="1">
              <value>
                <![CDATA["Calculator functionality"]]>
              </value>
            </param>
          </params>
          <reporter-output>
          </reporter-output>
        </test-method> <!-- runScenario -->
        <test-method signature="runScenario(io.cucumber.testng.PickleWrapper,io.cucumber.testng.FeatureWrapper)[pri:0, instance:com.cucumberTests.runners.CalculatorRunner@316bcf94]" started-at="2023-06-15T21:51:35 PDT" name="runScenario" description="Runs Cucumber Scenarios" data-provider="scenarios" finished-at="2023-06-15T21:51:35 PDT" duration-ms="5" status="PASS">
          <params>
            <param index="0">
              <value>
                <![CDATA["Subtraction of two numbers"]]>
              </value>
            </param>
            <param index="1">
              <value>
                <![CDATA["Calculator functionality"]]>
              </value>
            </param>
          </params>
          <reporter-output>
          </reporter-output>
        </test-method> <!-- runScenario -->
        <test-method signature="runScenario(io.cucumber.testng.PickleWrapper,io.cucumber.testng.FeatureWrapper)[pri:0, instance:com.cucumberTests.runners.CalculatorRunner@316bcf94]" started-at="2023-06-15T21:51:35 PDT" name="runScenario" description="Runs Cucumber Scenarios" data-provider="scenarios" finished-at="2023-06-15T21:51:35 PDT" duration-ms="6" status="PASS">
          <params>
            <param index="0">
              <value>
                <![CDATA["Multiplication of two numbers"]]>
              </value>
            </param>
            <param index="1">
              <value>
                <![CDATA["Calculator functionality"]]>
              </value>
            </param>
          </params>
          <reporter-output>
          </reporter-output>
        </test-method> <!-- runScenario -->
        <test-method signature="runScenario(io.cucumber.testng.PickleWrapper,io.cucumber.testng.FeatureWrapper)[pri:0, instance:com.cucumberTests.runners.CalculatorRunner@316bcf94]" started-at="2023-06-15T21:51:35 PDT" name="runScenario" description="Runs Cucumber Scenarios" data-provider="scenarios" finished-at="2023-06-15T21:51:35 PDT" duration-ms="9" status="PASS">
          <params>
            <param index="0">
              <value>
                <![CDATA["Addition of two numbers"]]>
              </value>
            </param>
            <param index="1">
              <value>
                <![CDATA["Calculator functionality"]]>
              </value>
            </param>
          </params>
          <reporter-output>
          </reporter-output>
        </test-method> <!-- runScenario -->
        <test-method signature="runScenario(io.cucumber.testng.PickleWrapper,io.cucumber.testng.FeatureWrapper)[pri:0, instance:com.cucumberTests.runners.CalculatorRunner@316bcf94]" started-at="2023-06-15T21:51:35 PDT" name="runScenario" description="Runs Cucumber Scenarios" data-provider="scenarios" finished-at="2023-06-15T21:51:35 PDT" duration-ms="4" status="PASS">
          <params>
            <param index="0">
              <value>
                <![CDATA["Addition of two numbers"]]>
              </value>
            </param>
            <param index="1">
              <value>
                <![CDATA["Calculator functionality"]]>
              </value>
            </param>
          </params>
          <reporter-output>
          </reporter-output>
        </test-method> <!-- runScenario -->
        <test-method signature="runScenario(io.cucumber.testng.PickleWrapper,io.cucumber.testng.FeatureWrapper)[pri:0, instance:com.cucumberTests.runners.CalculatorRunner@316bcf94]" started-at="2023-06-15T21:51:35 PDT" name="runScenario" description="Runs Cucumber Scenarios" data-provider="scenarios" finished-at="2023-06-15T21:51:35 PDT" duration-ms="4" status="PASS">
          <params>
            <param index="0">
              <value>
                <![CDATA["Addition of two numbers"]]>
              </value>
            </param>
            <param index="1">
              <value>
                <![CDATA["Calculator functionality"]]>
              </value>
            </param>
          </params>
          <reporter-output>
          </reporter-output>
        </test-method> <!-- runScenario -->
        <test-method is-config="true" signature="tearDownClass()[pri:0, instance:com.cucumberTests.runners.CalculatorRunner@316bcf94]" started-at="2023-06-15T21:51:35 PDT" name="tearDownClass" finished-at="2023-06-15T21:51:35 PDT" duration-ms="11" status="PASS">
          <reporter-output>
          </reporter-output>
        </test-method> <!-- tearDownClass -->
      </class> <!-- com.cucumberTests.runners.CalculatorRunner -->
    </test> <!-- Default test -->
  </suite> <!-- Default suite -->
</testng-results>
