<?xml version="1.0" encoding="UTF-8"?>
<testng-results ignored="0" total="1" passed="1" failed="0" skipped="0">
  <reporter-output>
  </reporter-output>
  <suite started-at="2023-06-12T14:07:02 PDT" name="Default suite" finished-at="2023-06-12T14:07:21 PDT" duration-ms="19331">
    <groups>
    </groups>
    <test started-at="2023-06-12T14:07:02 PDT" name="Default test" finished-at="2023-06-12T14:07:21 PDT" duration-ms="19331">
      <class name="selenium4.com.tekarch.SeleniumGridTest">
        <test-method signature="simpleTest()[pri:0, instance:selenium4.com.tekarch.SeleniumGridTest@60bd273d]" started-at="2023-06-12T14:07:02 PDT" name="simpleTest" finished-at="2023-06-12T14:07:21 PDT" duration-ms="19268" status="PASS">
          <reporter-output>
          </reporter-output>
        </test-method> <!-- simpleTest -->
      </class> <!-- selenium4.com.tekarch.SeleniumGridTest -->
    </test> <!-- Default test -->
  </suite> <!-- Default suite -->
</testng-results>
