<?xml version="1.0" encoding="UTF-8"?>
<!-- Generated by org.testng.reporters.JUnitXMLReporter -->
<testsuite ignored="10" hostname="DESKTOP-Q9RCK1B" failures="0" tests="1" name="chromeTest" time="32.311" errors="0" timestamp="2023-06-20T22:48:31 PDT">
  <testcase classname="com.automation.tests.AutomationScripts" name="testcase07_mySettings" time="27.986"/>
  <testcase classname="com.automation.tests.AutomationScripts" name="testcase04a_forgot_password" time="0.0">
    <ignored/>
  </testcase> <!-- testcase04a_forgot_password -->
  <testcase classname="com.automation.tests.AutomationScripts" name="testcase05_username_dropdown" time="0.0">
    <ignored/>
  </testcase> <!-- testcase05_username_dropdown -->
  <testcase classname="com.automation.tests.AutomationScripts" name="testcase08_developersConsole" time="0.0">
    <ignored/>
  </testcase> <!-- testcase08_developersConsole -->
  <testcase classname="com.automation.tests.AutomationScripts" name="testcase06_myProfile_option" time="0.0">
    <ignored/>
  </testcase> <!-- testcase06_myProfile_option -->
  <testcase classname="com.automation.tests.AutomationScripts" name="testcase03_check_remember_me" time="0.0">
    <ignored/>
  </testcase> <!-- testcase03_check_remember_me -->
  <testcase classname="com.automation.tests.AutomationScripts" name="testcase10_create_account" time="0.0">
    <ignored/>
  </testcase> <!-- testcase10_create_account -->
  <testcase classname="com.automation.tests.AutomationScripts" name="testcase09_logout_option" time="0.0">
    <ignored/>
  </testcase> <!-- testcase09_logout_option -->
  <testcase classname="com.automation.tests.AutomationScripts" name="testcase01_login_error_message" time="0.0">
    <ignored/>
  </testcase> <!-- testcase01_login_error_message -->
  <testcase classname="com.automation.tests.AutomationScripts" name="testcase04b_forgot_password" time="0.0">
    <ignored/>
  </testcase> <!-- testcase04b_forgot_password -->
  <testcase classname="com.automation.tests.AutomationScripts" name="testcase02_login_to_sales_force" time="0.0">
    <ignored/>
  </testcase> <!-- testcase02_login_to_sales_force -->
</testsuite> <!-- chromeTest -->
